{"D:\\Springboard\\express-biztime\\app.js": {"path":"D:\\Springboard\\express-biztime\\app.js","statementMap":{"0":{"start":{"line":3,"column":16},"end":{"line":3,"column":34}},"1":{"start":{"line":5,"column":12},"end":{"line":5,"column":21}},"2":{"start":{"line":6,"column":21},"end":{"line":6,"column":46}},"3":{"start":{"line":7,"column":22},"end":{"line":7,"column":51}},"4":{"start":{"line":8,"column":22},"end":{"line":8,"column":50}},"5":{"start":{"line":10,"column":0},"end":{"line":10,"column":24}},"6":{"start":{"line":11,"column":0},"end":{"line":11,"column":37}},"7":{"start":{"line":12,"column":0},"end":{"line":12,"column":36}},"8":{"start":{"line":16,"column":0},"end":{"line":19,"column":3}},"9":{"start":{"line":17,"column":14},"end":{"line":17,"column":48}},"10":{"start":{"line":18,"column":2},"end":{"line":18,"column":19}},"11":{"start":{"line":23,"column":0},"end":{"line":30,"column":3}},"12":{"start":{"line":24,"column":2},"end":{"line":24,"column":32}},"13":{"start":{"line":26,"column":2},"end":{"line":29,"column":5}},"14":{"start":{"line":32,"column":0},"end":{"line":32,"column":21}}},"fnMap":{"0":{"name":"(anonymous_0)","decl":{"start":{"line":16,"column":8},"end":{"line":16,"column":9}},"loc":{"start":{"line":16,"column":34},"end":{"line":19,"column":1}},"line":16},"1":{"name":"(anonymous_1)","decl":{"start":{"line":23,"column":8},"end":{"line":23,"column":9}},"loc":{"start":{"line":23,"column":33},"end":{"line":30,"column":1}},"line":23}},"branchMap":{"0":{"loc":{"start":{"line":24,"column":13},"end":{"line":24,"column":30}},"type":"binary-expr","locations":[{"start":{"line":24,"column":13},"end":{"line":24,"column":23}},{"start":{"line":24,"column":27},"end":{"line":24,"column":30}}],"line":24}},"s":{"0":2,"1":2,"2":2,"3":2,"4":2,"5":2,"6":2,"7":2,"8":2,"9":0,"10":0,"11":2,"12":7,"13":7,"14":2},"f":{"0":0,"1":7},"b":{"0":[7,0]},"_coverageSchema":"1a1c01bbd47fc00a2c39e90264f33305004495a9","hash":"b7b30b708e2d6894c4401ccedc52f6a664a509f7"}
,"D:\\Springboard\\express-biztime\\db.js": {"path":"D:\\Springboard\\express-biztime\\db.js","statementMap":{"0":{"start":{"line":3,"column":19},"end":{"line":3,"column":32}},"1":{"start":{"line":7,"column":0},"end":{"line":11,"column":1}},"2":{"start":{"line":8,"column":2},"end":{"line":8,"column":71}},"3":{"start":{"line":10,"column":2},"end":{"line":10,"column":66}},"4":{"start":{"line":13,"column":11},"end":{"line":15,"column":2}},"5":{"start":{"line":17,"column":0},"end":{"line":17,"column":13}},"6":{"start":{"line":19,"column":0},"end":{"line":19,"column":20}}},"fnMap":{},"branchMap":{"0":{"loc":{"start":{"line":7,"column":0},"end":{"line":11,"column":1}},"type":"if","locations":[{"start":{"line":7,"column":0},"end":{"line":11,"column":1}},{"start":{"line":9,"column":7},"end":{"line":11,"column":1}}],"line":7}},"s":{"0":2,"1":2,"2":2,"3":0,"4":2,"5":2,"6":2},"f":{},"b":{"0":[2,0]},"_coverageSchema":"1a1c01bbd47fc00a2c39e90264f33305004495a9","hash":"cf895f6eb01c197d046ba79be33b38bcca33606b"}
,"D:\\Springboard\\express-biztime\\expressError.js": {"path":"D:\\Springboard\\express-biztime\\expressError.js","statementMap":{"0":{"start":{"line":9,"column":4},"end":{"line":9,"column":12}},"1":{"start":{"line":10,"column":4},"end":{"line":10,"column":27}},"2":{"start":{"line":11,"column":4},"end":{"line":11,"column":25}},"3":{"start":{"line":12,"column":4},"end":{"line":12,"column":30}},"4":{"start":{"line":17,"column":0},"end":{"line":17,"column":30}}},"fnMap":{"0":{"name":"(anonymous_0)","decl":{"start":{"line":8,"column":2},"end":{"line":8,"column":3}},"loc":{"start":{"line":8,"column":31},"end":{"line":13,"column":3}},"line":8}},"branchMap":{},"s":{"0":7,"1":7,"2":7,"3":7,"4":2},"f":{"0":7},"b":{},"_coverageSchema":"1a1c01bbd47fc00a2c39e90264f33305004495a9","hash":"c5deb041eb518a51ac566a88e6640c3733d6c80a"}
,"D:\\Springboard\\express-biztime\\routes\\companies.js": {"path":"D:\\Springboard\\express-biztime\\routes\\companies.js","statementMap":{"0":{"start":{"line":2,"column":16},"end":{"line":2,"column":34}},"1":{"start":{"line":3,"column":15},"end":{"line":3,"column":31}},"2":{"start":{"line":4,"column":11},"end":{"line":4,"column":27}},"3":{"start":{"line":5,"column":21},"end":{"line":5,"column":47}},"4":{"start":{"line":8,"column":0},"end":{"line":16,"column":3}},"5":{"start":{"line":9,"column":2},"end":{"line":15,"column":3}},"6":{"start":{"line":10,"column":19},"end":{"line":10,"column":61}},"7":{"start":{"line":12,"column":4},"end":{"line":12,"column":48}},"8":{"start":{"line":14,"column":4},"end":{"line":14,"column":14}},"9":{"start":{"line":19,"column":0},"end":{"line":37,"column":3}},"10":{"start":{"line":20,"column":2},"end":{"line":36,"column":3}},"11":{"start":{"line":21,"column":17},"end":{"line":21,"column":32}},"12":{"start":{"line":23,"column":19},"end":{"line":25,"column":6}},"13":{"start":{"line":27,"column":4},"end":{"line":29,"column":5}},"14":{"start":{"line":28,"column":6},"end":{"line":28,"column":47}},"15":{"start":{"line":31,"column":4},"end":{"line":33,"column":7}},"16":{"start":{"line":35,"column":4},"end":{"line":35,"column":14}},"17":{"start":{"line":40,"column":0},"end":{"line":55,"column":3}},"18":{"start":{"line":41,"column":2},"end":{"line":54,"column":3}},"19":{"start":{"line":42,"column":40},"end":{"line":42,"column":48}},"20":{"start":{"line":44,"column":19},"end":{"line":47,"column":5}},"21":{"start":{"line":49,"column":4},"end":{"line":51,"column":7}},"22":{"start":{"line":53,"column":4},"end":{"line":53,"column":14}},"23":{"start":{"line":58,"column":0},"end":{"line":93,"column":3}},"24":{"start":{"line":59,"column":2},"end":{"line":92,"column":3}},"25":{"start":{"line":60,"column":17},"end":{"line":60,"column":32}},"26":{"start":{"line":61,"column":34},"end":{"line":61,"column":42}},"27":{"start":{"line":63,"column":4},"end":{"line":65,"column":5}},"28":{"start":{"line":64,"column":6},"end":{"line":64,"column":74}},"29":{"start":{"line":68,"column":28},"end":{"line":71,"column":5}},"30":{"start":{"line":73,"column":4},"end":{"line":75,"column":5}},"31":{"start":{"line":74,"column":6},"end":{"line":74,"column":47}},"32":{"start":{"line":78,"column":24},"end":{"line":78,"column":60}},"33":{"start":{"line":80,"column":6},"end":{"line":80,"column":56}},"34":{"start":{"line":82,"column":25},"end":{"line":85,"column":5}},"35":{"start":{"line":87,"column":4},"end":{"line":89,"column":7}},"36":{"start":{"line":91,"column":4},"end":{"line":91,"column":14}},"37":{"start":{"line":96,"column":0},"end":{"line":114,"column":3}},"38":{"start":{"line":97,"column":2},"end":{"line":113,"column":3}},"39":{"start":{"line":98,"column":21},"end":{"line":98,"column":31}},"40":{"start":{"line":100,"column":19},"end":{"line":102,"column":6}},"41":{"start":{"line":104,"column":4},"end":{"line":106,"column":5}},"42":{"start":{"line":105,"column":6},"end":{"line":105,"column":47}},"43":{"start":{"line":108,"column":4},"end":{"line":110,"column":7}},"44":{"start":{"line":112,"column":4},"end":{"line":112,"column":14}},"45":{"start":{"line":116,"column":0},"end":{"line":116,"column":24}}},"fnMap":{"0":{"name":"(anonymous_0)","decl":{"start":{"line":8,"column":16},"end":{"line":8,"column":17}},"loc":{"start":{"line":8,"column":42},"end":{"line":16,"column":1}},"line":8},"1":{"name":"(anonymous_1)","decl":{"start":{"line":19,"column":21},"end":{"line":19,"column":22}},"loc":{"start":{"line":19,"column":47},"end":{"line":37,"column":1}},"line":19},"2":{"name":"(anonymous_2)","decl":{"start":{"line":40,"column":17},"end":{"line":40,"column":18}},"loc":{"start":{"line":40,"column":43},"end":{"line":55,"column":1}},"line":40},"3":{"name":"(anonymous_3)","decl":{"start":{"line":58,"column":21},"end":{"line":58,"column":22}},"loc":{"start":{"line":58,"column":47},"end":{"line":93,"column":1}},"line":58},"4":{"name":"(anonymous_4)","decl":{"start":{"line":96,"column":24},"end":{"line":96,"column":25}},"loc":{"start":{"line":96,"column":50},"end":{"line":114,"column":1}},"line":96}},"branchMap":{"0":{"loc":{"start":{"line":27,"column":4},"end":{"line":29,"column":5}},"type":"if","locations":[{"start":{"line":27,"column":4},"end":{"line":29,"column":5}},{"start":{},"end":{}}],"line":27},"1":{"loc":{"start":{"line":63,"column":4},"end":{"line":65,"column":5}},"type":"if","locations":[{"start":{"line":63,"column":4},"end":{"line":65,"column":5}},{"start":{},"end":{}}],"line":63},"2":{"loc":{"start":{"line":63,"column":8},"end":{"line":63,"column":29}},"type":"binary-expr","locations":[{"start":{"line":63,"column":8},"end":{"line":63,"column":13}},{"start":{"line":63,"column":17},"end":{"line":63,"column":29}}],"line":63},"3":{"loc":{"start":{"line":73,"column":4},"end":{"line":75,"column":5}},"type":"if","locations":[{"start":{"line":73,"column":4},"end":{"line":75,"column":5}},{"start":{},"end":{}}],"line":73},"4":{"loc":{"start":{"line":78,"column":24},"end":{"line":78,"column":60}},"type":"binary-expr","locations":[{"start":{"line":78,"column":24},"end":{"line":78,"column":28}},{"start":{"line":78,"column":32},"end":{"line":78,"column":60}}],"line":78},"5":{"loc":{"start":{"line":80,"column":6},"end":{"line":80,"column":56}},"type":"binary-expr","locations":[{"start":{"line":80,"column":6},"end":{"line":80,"column":17}},{"start":{"line":80,"column":21},"end":{"line":80,"column":56}}],"line":80},"6":{"loc":{"start":{"line":104,"column":4},"end":{"line":106,"column":5}},"type":"if","locations":[{"start":{"line":104,"column":4},"end":{"line":106,"column":5}},{"start":{},"end":{}}],"line":104}},"s":{"0":2,"1":2,"2":2,"3":2,"4":2,"5":1,"6":1,"7":1,"8":0,"9":2,"10":4,"11":4,"12":4,"13":4,"14":3,"15":1,"16":3,"17":2,"18":1,"19":1,"20":1,"21":1,"22":0,"23":2,"24":1,"25":1,"26":1,"27":1,"28":0,"29":1,"30":1,"31":0,"32":1,"33":1,"34":1,"35":1,"36":0,"37":2,"38":1,"39":1,"40":1,"41":1,"42":0,"43":1,"44":0,"45":2},"f":{"0":1,"1":4,"2":1,"3":1,"4":1},"b":{"0":[3,1],"1":[0,1],"2":[1,1],"3":[0,1],"4":[1,1],"5":[1,0],"6":[0,1]},"_coverageSchema":"1a1c01bbd47fc00a2c39e90264f33305004495a9","hash":"8bce63a865ec8eeb26c9851db9294d88eee1c9bc"}
,"D:\\Springboard\\express-biztime\\routes\\invoices.js": {"path":"D:\\Springboard\\express-biztime\\routes\\invoices.js","statementMap":{"0":{"start":{"line":2,"column":16},"end":{"line":2,"column":34}},"1":{"start":{"line":3,"column":15},"end":{"line":3,"column":31}},"2":{"start":{"line":4,"column":11},"end":{"line":4,"column":27}},"3":{"start":{"line":5,"column":21},"end":{"line":5,"column":47}},"4":{"start":{"line":8,"column":0},"end":{"line":18,"column":3}},"5":{"start":{"line":9,"column":2},"end":{"line":17,"column":3}},"6":{"start":{"line":10,"column":21},"end":{"line":10,"column":62}},"7":{"start":{"line":12,"column":4},"end":{"line":14,"column":7}},"8":{"start":{"line":16,"column":4},"end":{"line":16,"column":14}},"9":{"start":{"line":21,"column":0},"end":{"line":55,"column":3}},"10":{"start":{"line":22,"column":2},"end":{"line":54,"column":3}},"11":{"start":{"line":23,"column":19},"end":{"line":23,"column":29}},"12":{"start":{"line":26,"column":31},"end":{"line":29,"column":5}},"13":{"start":{"line":31,"column":4},"end":{"line":33,"column":5}},"14":{"start":{"line":32,"column":6},"end":{"line":32,"column":47}},"15":{"start":{"line":36,"column":6},"end":{"line":36,"column":32}},"16":{"start":{"line":38,"column":4},"end":{"line":51,"column":7}},"17":{"start":{"line":53,"column":4},"end":{"line":53,"column":14}},"18":{"start":{"line":58,"column":0},"end":{"line":72,"column":3}},"19":{"start":{"line":59,"column":2},"end":{"line":71,"column":3}},"20":{"start":{"line":60,"column":31},"end":{"line":60,"column":39}},"21":{"start":{"line":61,"column":19},"end":{"line":64,"column":5}},"22":{"start":{"line":66,"column":4},"end":{"line":68,"column":7}},"23":{"start":{"line":70,"column":4},"end":{"line":70,"column":14}},"24":{"start":{"line":75,"column":0},"end":{"line":99,"column":3}},"25":{"start":{"line":76,"column":2},"end":{"line":98,"column":3}},"26":{"start":{"line":77,"column":19},"end":{"line":77,"column":29}},"27":{"start":{"line":78,"column":20},"end":{"line":78,"column":28}},"28":{"start":{"line":80,"column":4},"end":{"line":82,"column":5}},"29":{"start":{"line":81,"column":6},"end":{"line":81,"column":74}},"30":{"start":{"line":84,"column":27},"end":{"line":87,"column":5}},"31":{"start":{"line":89,"column":4},"end":{"line":91,"column":5}},"32":{"start":{"line":90,"column":6},"end":{"line":90,"column":47}},"33":{"start":{"line":93,"column":4},"end":{"line":95,"column":7}},"34":{"start":{"line":97,"column":4},"end":{"line":97,"column":14}},"35":{"start":{"line":102,"column":0},"end":{"line":121,"column":3}},"36":{"start":{"line":103,"column":2},"end":{"line":120,"column":3}},"37":{"start":{"line":104,"column":19},"end":{"line":104,"column":29}},"38":{"start":{"line":106,"column":19},"end":{"line":109,"column":5}},"39":{"start":{"line":111,"column":4},"end":{"line":113,"column":5}},"40":{"start":{"line":112,"column":6},"end":{"line":112,"column":47}},"41":{"start":{"line":115,"column":4},"end":{"line":117,"column":7}},"42":{"start":{"line":119,"column":4},"end":{"line":119,"column":14}},"43":{"start":{"line":124,"column":0},"end":{"line":144,"column":3}},"44":{"start":{"line":125,"column":2},"end":{"line":143,"column":3}},"45":{"start":{"line":126,"column":21},"end":{"line":126,"column":31}},"46":{"start":{"line":129,"column":32},"end":{"line":132,"column":5}},"47":{"start":{"line":134,"column":4},"end":{"line":136,"column":5}},"48":{"start":{"line":135,"column":6},"end":{"line":135,"column":47}},"49":{"start":{"line":138,"column":4},"end":{"line":140,"column":7}},"50":{"start":{"line":142,"column":4},"end":{"line":142,"column":14}},"51":{"start":{"line":146,"column":0},"end":{"line":146,"column":24}}},"fnMap":{"0":{"name":"(anonymous_0)","decl":{"start":{"line":8,"column":16},"end":{"line":8,"column":17}},"loc":{"start":{"line":8,"column":42},"end":{"line":18,"column":1}},"line":8},"1":{"name":"(anonymous_1)","decl":{"start":{"line":21,"column":19},"end":{"line":21,"column":20}},"loc":{"start":{"line":21,"column":45},"end":{"line":55,"column":1}},"line":21},"2":{"name":"(anonymous_2)","decl":{"start":{"line":58,"column":17},"end":{"line":58,"column":18}},"loc":{"start":{"line":58,"column":43},"end":{"line":72,"column":1}},"line":58},"3":{"name":"(anonymous_3)","decl":{"start":{"line":75,"column":19},"end":{"line":75,"column":20}},"loc":{"start":{"line":75,"column":45},"end":{"line":99,"column":1}},"line":75},"4":{"name":"(anonymous_4)","decl":{"start":{"line":102,"column":22},"end":{"line":102,"column":23}},"loc":{"start":{"line":102,"column":48},"end":{"line":121,"column":1}},"line":102},"5":{"name":"(anonymous_5)","decl":{"start":{"line":124,"column":31},"end":{"line":124,"column":32}},"loc":{"start":{"line":124,"column":57},"end":{"line":144,"column":1}},"line":124}},"branchMap":{"0":{"loc":{"start":{"line":31,"column":4},"end":{"line":33,"column":5}},"type":"if","locations":[{"start":{"line":31,"column":4},"end":{"line":33,"column":5}},{"start":{},"end":{}}],"line":31},"1":{"loc":{"start":{"line":80,"column":4},"end":{"line":82,"column":5}},"type":"if","locations":[{"start":{"line":80,"column":4},"end":{"line":82,"column":5}},{"start":{},"end":{}}],"line":80},"2":{"loc":{"start":{"line":89,"column":4},"end":{"line":91,"column":5}},"type":"if","locations":[{"start":{"line":89,"column":4},"end":{"line":91,"column":5}},{"start":{},"end":{}}],"line":89},"3":{"loc":{"start":{"line":111,"column":4},"end":{"line":113,"column":5}},"type":"if","locations":[{"start":{"line":111,"column":4},"end":{"line":113,"column":5}},{"start":{},"end":{}}],"line":111},"4":{"loc":{"start":{"line":134,"column":4},"end":{"line":136,"column":5}},"type":"if","locations":[{"start":{"line":134,"column":4},"end":{"line":136,"column":5}},{"start":{},"end":{}}],"line":134}},"s":{"0":2,"1":2,"2":2,"3":2,"4":2,"5":1,"6":1,"7":1,"8":0,"9":2,"10":4,"11":4,"12":4,"13":4,"14":3,"15":1,"16":1,"17":3,"18":2,"19":1,"20":1,"21":1,"22":1,"23":0,"24":2,"25":1,"26":1,"27":1,"28":1,"29":0,"30":1,"31":1,"32":0,"33":1,"34":0,"35":2,"36":1,"37":1,"38":1,"39":1,"40":0,"41":1,"42":0,"43":2,"44":2,"45":2,"46":2,"47":2,"48":1,"49":1,"50":1,"51":2},"f":{"0":1,"1":4,"2":1,"3":1,"4":1,"5":2},"b":{"0":[3,1],"1":[0,1],"2":[0,1],"3":[0,1],"4":[1,1]},"_coverageSchema":"1a1c01bbd47fc00a2c39e90264f33305004495a9","hash":"91c0a2b1824872add354c91fc9193953b56cc816"}
}
