TN:
SF:app.js
FN:16,(anonymous_0)
FN:23,(anonymous_1)
FNF:2
FNH:1
FNDA:0,(anonymous_0)
FNDA:7,(anonymous_1)
DA:3,2
DA:5,2
DA:6,2
DA:7,2
DA:8,2
DA:10,2
DA:11,2
DA:12,2
DA:16,2
DA:17,0
DA:18,0
DA:23,2
DA:24,7
DA:26,7
DA:32,2
LF:15
LH:13
BRDA:24,0,0,7
BRDA:24,0,1,0
BRF:2
BRH:1
end_of_record
TN:
SF:db.js
FNF:0
FNH:0
DA:3,2
DA:7,2
DA:8,2
DA:10,0
DA:13,2
DA:17,2
DA:19,2
LF:7
LH:6
BRDA:7,0,0,2
BRDA:7,0,1,0
BRF:2
BRH:1
end_of_record
TN:
SF:expressError.js
FN:8,(anonymous_0)
FNF:1
FNH:1
FNDA:7,(anonymous_0)
DA:9,7
DA:10,7
DA:11,7
DA:12,7
DA:17,2
LF:5
LH:5
BRF:0
BRH:0
end_of_record
TN:
SF:routes\companies.js
FN:8,(anonymous_0)
FN:19,(anonymous_1)
FN:40,(anonymous_2)
FN:58,(anonymous_3)
FN:96,(anonymous_4)
FNF:5
FNH:5
FNDA:1,(anonymous_0)
FNDA:4,(anonymous_1)
FNDA:1,(anonymous_2)
FNDA:1,(anonymous_3)
FNDA:1,(anonymous_4)
DA:2,2
DA:3,2
DA:4,2
DA:5,2
DA:8,2
DA:9,1
DA:10,1
DA:12,1
DA:14,0
DA:19,2
DA:20,4
DA:21,4
DA:23,4
DA:27,4
DA:28,3
DA:31,1
DA:35,3
DA:40,2
DA:41,1
DA:42,1
DA:44,1
DA:49,1
DA:53,0
DA:58,2
DA:59,1
DA:60,1
DA:61,1
DA:63,1
DA:64,0
DA:68,1
DA:73,1
DA:74,0
DA:78,1
DA:80,1
DA:82,1
DA:87,1
DA:91,0
DA:96,2
DA:97,1
DA:98,1
DA:100,1
DA:104,1
DA:105,0
DA:108,1
DA:112,0
DA:116,2
LF:46
LH:39
BRDA:27,0,0,3
BRDA:27,0,1,1
BRDA:63,1,0,0
BRDA:63,1,1,1
BRDA:63,2,0,1
BRDA:63,2,1,1
BRDA:73,3,0,0
BRDA:73,3,1,1
BRDA:78,4,0,1
BRDA:78,4,1,1
BRDA:80,5,0,1
BRDA:80,5,1,0
BRDA:104,6,0,0
BRDA:104,6,1,1
BRF:14
BRH:10
end_of_record
TN:
SF:routes\invoices.js
FN:8,(anonymous_0)
FN:21,(anonymous_1)
FN:58,(anonymous_2)
FN:75,(anonymous_3)
FN:102,(anonymous_4)
FN:124,(anonymous_5)
FNF:6
FNH:6
FNDA:1,(anonymous_0)
FNDA:4,(anonymous_1)
FNDA:1,(anonymous_2)
FNDA:1,(anonymous_3)
FNDA:1,(anonymous_4)
FNDA:2,(anonymous_5)
DA:2,2
DA:3,2
DA:4,2
DA:5,2
DA:8,2
DA:9,1
DA:10,1
DA:12,1
DA:16,0
DA:21,2
DA:22,4
DA:23,4
DA:26,4
DA:31,4
DA:32,3
DA:36,1
DA:38,1
DA:53,3
DA:58,2
DA:59,1
DA:60,1
DA:61,1
DA:66,1
DA:70,0
DA:75,2
DA:76,1
DA:77,1
DA:78,1
DA:80,1
DA:81,0
DA:84,1
DA:89,1
DA:90,0
DA:93,1
DA:97,0
DA:102,2
DA:103,1
DA:104,1
DA:106,1
DA:111,1
DA:112,0
DA:115,1
DA:119,0
DA:124,2
DA:125,2
DA:126,2
DA:129,2
DA:134,2
DA:135,1
DA:138,1
DA:142,1
DA:146,2
LF:52
LH:45
BRDA:31,0,0,3
BRDA:31,0,1,1
BRDA:80,1,0,0
BRDA:80,1,1,1
BRDA:89,2,0,0
BRDA:89,2,1,1
BRDA:111,3,0,0
BRDA:111,3,1,1
BRDA:134,4,0,1
BRDA:134,4,1,1
BRF:10
BRH:7
end_of_record
